Name                          Stmts   Miss Branch BrPart  Cover
---------------------------------------------------------------
planteye/__init__.py             16      0      2      0   100%
planteye/db.py                    4      0      0      0   100%
planteye/models/__init__.py       1      0      0      0   100%
planteye/models/user.py           7      0      0      0   100%
---------------------------------------------------------------
TOTAL                            28      0      2      0   100%
