============================= test session starts ==============================
platform linux -- Python 3.11.15, pytest-9.0.3, pluggy-1.6.0 -- /usr/local/bin/python3.11
cachedir: .pytest_cache
rootdir: /app
configfile: pyproject.toml
testpaths: tests
plugins: anyio-4.13.0, flask-1.3.0
collecting ... collected 14 items

tests/test_data.py::test_user_created PASSED                             [  7%]
tests/test_data.py::test_plant_created PASSED                            [ 14%]
tests/test_data.py::test_plant_sensor_created PASSED                     [ 21%]
tests/test_data.py::test_ai_output_created PASSED                        [ 28%]
tests/test_factory.py::test_config PASSED                                [ 35%]
tests/test_invalid_data.py::test_user_needs_password PASSED              [ 42%]
tests/test_invalid_data.py::test_user_needs_unique_email PASSED          [ 50%]
tests/test_invalid_data.py::test_plant_requires_name PASSED              [ 57%]
tests/test_schema.py::test_connection PASSED                             [ 64%]
tests/test_schema.py::test_is_postgres PASSED                            [ 71%]
tests/test_schema.py::test_user_schema PASSED                            [ 78%]
tests/test_schema.py::test_plant_schema PASSED                           [ 85%]
tests/test_schema.py::test_plant_sensor_schema PASSED                    [ 92%]
tests/test_schema.py::test_ai_output_schema PASSED                       [100%]

============================== 14 passed in 0.86s ==============================
