============================= test session starts ==============================
platform linux -- Python 3.11.15, pytest-9.0.3, pluggy-1.6.0 -- /usr/local/bin/python3.11
cachedir: .pytest_cache
rootdir: /app
configfile: pyproject.toml
testpaths: tests
plugins: anyio-4.13.0, flask-1.3.0
collecting ... collected 4 items

tests/test_factory.py::test_config PASSED                                [ 25%]
tests/test_schema.py::test_connection PASSED                             [ 50%]
tests/test_schema.py::test_connection ERROR                              [ 50%]
tests/test_schema.py::test_is_postgres PASSED                            [ 75%]
tests/test_schema.py::test_is_postgres ERROR                             [ 75%]
tests/test_schema.py::test_user_in_schema FAILED                         [100%]
tests/test_schema.py::test_user_in_schema ERROR                          [100%]

==================================== ERRORS ====================================
_____________________ ERROR at teardown of test_connection _____________________
fixture function has more than one 'yield':

    @pytest.fixture
    def app():
    
        app = create_app({
            'TESTING': True,
            'SQLALCHEMY_DATABASE_URI': db_uri,
            'SQLALCHEMY_TRACK_MODIFICATIONS': False,
            })
    
        with app.app_context():
            _db.create_all()
            yield app
            _db.session.remove()
            _db.drop_all()
    
        yield app
/app/tests/conftest.py:14
____________________ ERROR at teardown of test_is_postgres _____________________
fixture function has more than one 'yield':

    @pytest.fixture
    def app():
    
        app = create_app({
            'TESTING': True,
            'SQLALCHEMY_DATABASE_URI': db_uri,
            'SQLALCHEMY_TRACK_MODIFICATIONS': False,
            })
    
        with app.app_context():
            _db.create_all()
            yield app
            _db.session.remove()
            _db.drop_all()
    
        yield app
/app/tests/conftest.py:14
___________________ ERROR at teardown of test_user_in_schema ___________________
fixture function has more than one 'yield':

    @pytest.fixture
    def app():
    
        app = create_app({
            'TESTING': True,
            'SQLALCHEMY_DATABASE_URI': db_uri,
            'SQLALCHEMY_TRACK_MODIFICATIONS': False,
            })
    
        with app.app_context():
            _db.create_all()
            yield app
            _db.session.remove()
            _db.drop_all()
    
        yield app
/app/tests/conftest.py:14
=================================== FAILURES ===================================
_____________________________ test_user_in_schema ______________________________

app = <Flask 'planteye'>

    def test_user_in_schema(app):
        tables = inspect(db.engine).get_table_names()
>       assert 'user' in tables
E       AssertionError: assert 'user' in []

tests/test_schema.py:16: AssertionError
=========================== short test summary info ============================
FAILED tests/test_schema.py::test_user_in_schema - AssertionError: assert 'us...
ERROR tests/test_schema.py::test_connection - Failed: fixture function has mo...
ERROR tests/test_schema.py::test_is_postgres - Failed: fixture function has m...
ERROR tests/test_schema.py::test_user_in_schema - Failed: fixture function ha...
==================== 1 failed, 3 passed, 3 errors in 0.17s =====================
